==============================================================
  PEEESSI'S SYSTEM MULTITOOL v4.1 – SYSTEM-ANALYSE
  Datum: 10.04.2026 07:57:00 | Host: nutzer-Aspire-C24-320 | User: root
==============================================================

══════════════════════════════════════════════════
  1  INSTALLATIONS-VERZEICHNISSE & WRAPPER
══════════════════════════════════════════════════
  [OK]   Installationsordner: /usr/local/lib/peessi-multitool
  [INFO]   14 Python-Dateien, 4 Shell-Scripts (ohne venv/Unterordner)
  [OK]   Starter: /usr/local/bin/peessi-multitool
  [OK]   Root-Wrapper: /usr/local/bin/peessi-multitool-root
  [OK]   Display-Fix im Wrapper vorhanden
  [OK]   Python venv: Python 3.12.3
  [OK]   Startmenü-Eintrag vorhanden

══════════════════════════════════════════════════
  2  PYTHON-DATEIEN: ZEILEN, MD5, SYNTAX
══════════════════════════════════════════════════

  recovery_engine.py: Identisch
  database.py: Identisch
  models.py: Identisch
  main.py: Identisch
  gui_drives.py: Identisch
  gui_system.py: Geändert
  config.py: Identisch
  gui_base.py: Identisch
  smart_engine.py: Identisch
  security.py: Identisch
  wipe_engine.py: Identisch
  [INFO] Extra-Dateien:
  [WARN] gui_advanced.py verdächtig klein: 45389 Bytes (erwartet >45389)
  [OK]   optimizer.sh  (2197 Bytes)
  [OK]   gui_drive_health.py  (23049 Bytes)
  [OK]   gui_grub.py  (19712 Bytes)
  [OK]   drive-health-tool.sh  (7317 Bytes)
  [OK]   eggs-iso-tool.sh  (8342 Bytes)
  [OK]   grub-control-center/ (22 Scripts)

══════════════════════════════════════════════════
  3  KRITISCHE METHODEN
══════════════════════════════════════════════════
  ✅  Alle kritischen Methoden vorhanden (71 geprüft)
  [OK]   Methoden-Check bestanden

══════════════════════════════════════════════════
  4  PYTHON IMPORTS
══════════════════════════════════════════════════
  ✅  config.py
  ✅  models.py
  ✅  database.py
  ✅  security.py
  ✅  smart_engine.py
  ✅  wipe_engine.py
  ✅  recovery_engine.py
  ✅  gui_base.py
  ✅  gui_drives.py
  ✅  gui_system.py

  ✅  gui_grub.py
  ✅  gui_drive_health.py

  ✅  DrivesTabs._build_drive_health_tab()
  ✅  DrivesTabs._update_iso_targets()
  ✅  SystemTab._build_eggs_iso()
  ✅  SystemTab._build_grub_tab()
  ✅  LogsTab._export_all_logs()
  ✅  GuiBase.make_scrollable_tab()

══════════════════════════════════════════════════
  5  SYSTEM-ABHÄNGIGKEITEN
══════════════════════════════════════════════════
  [OK]   python3  (Python 3.12.3)
  [OK]   python3-tk  
  [OK]   pkexec  (pkexec version 124)
  [OK]   lsblk  (lsblk von util-linux 2.39.3)
  [OK]   smartctl  (smartctl 7.4 2023-08-01 r5530 [x86_64-li)
  [OK]   ddrescue  (GNU ddrescue 1.27)
  [OK]   photorec  (PhotoRec 7.1, Data Recovery Utility, Jul)
  [OK]   badblocks  
  [OK]   nmcli  (nmcli-Werkzeug, Version 1.46.0)
  [OK]   ss  (ss utility, iproute2-6.1.0)
  [OK]   ip  
  [OK]   xhost  
  [OK]   git  (git version 2.43.0)
  [OK]   curl  (curl 8.5.0 (x86_64-pc-linux-gnu) libcurl)
  [OK]   efibootmgr  (version 18)
  [OK]   zenity  (3.44.2)
  [OK]   os-prober  
  [OK]   netstat  (net-tools 2.10)
  [OK]   flatpak  (Flatpak 1.14.6)
  [OK]   nala  (nala 0.15.1)
  [OK]   xdg-open  (xdg-open 1.1.3)
  [OK]   eggs  (penguins-eggs/26.3.21 linux-x64 node-v22)
  [OK]   nwipe  (nwipe version 0.33)
  [OK]   rsync  (rsync  version 3.2.7  protocol version 3)
  [OK]   mdadm  
  [OK]   lvm  
  [WARN] ms-sys fehlt (optional)

══════════════════════════════════════════════════
  6  PYTHON-MODULE
══════════════════════════════════════════════════
  ✅  tkinter  
  ✅  sqlite3  
  ✅  subprocess  
  ✅  threading  
  ✅  hashlib  
  ✅  json  (2.0.9)
  ✅  re  (2.2.1)
  ✅  ast  
  ✅  PIL  (12.2.0)
  ✅  importlib  

══════════════════════════════════════════════════
  7  DISPLAY / X11
══════════════════════════════════════════════════
  [OK]   DISPLAY=:0
  [OK]   XAUTHORITY=/home/nutzer/.Xauthority
  [OK]   Root hat X11-Zugriff
  [OK]   Wrapper enthält Display-Fix

══════════════════════════════════════════════════
  8  NETZWERK-VERBINDUNGEN
══════════════════════════════════════════════════
  [OK]   ss -tunp: 3 Zeilen
  ✅  Parser: 2 Verbindungen erkannt
         udp   ESTAB        192.168.178.44%wlp2s0:68  → 192.168.178.1:67
         tcp   CLOSE-WAIT   192.168.178.44:45006      → 146.75.121.91:443

══════════════════════════════════════════════════
  9  LAUFWERKE, SMART & BADBLOCKS
══════════════════════════════════════════════════
  [OK]   lsblk: 2 Laufwerk(e)
  [INFO]   /dev/sda  238,5G  SSD/Flash  Micron_1300_MTFDDAV256TDL
  [INFO]   /dev/sdb  931,5G  SSD/Flash  CT1000BX500SSD1
  [OK]   smartctl: smartctl 7.4 2023-08-01 r5530 [x86_64-linux-6.8.0-107-generi
  [OK]   badblocks verfügbar
  [INFO] SMART-DB noch nicht vorhanden
  [INFO] DriveTests/ noch nicht vorhanden

══════════════════════════════════════════════════
  10  WLAN / NETZWERK-MANAGER
══════════════════════════════════════════════════
  [OK]   NetworkManager: connected
  [OK]   1 WLAN-Verbindung(en)
  [OK]   Root für nmcli --show-secrets OK

══════════════════════════════════════════════════
  11  KONFIGURATION & LOGS
══════════════════════════════════════════════════
  [OK]   Kein Fehler-Log vorhanden

══════════════════════════════════════════════════
  12  LAUFZEIT-TEST
══════════════════════════════════════════════════
  ✅  VERSION='4.1'  USER='nutzer'
  ✅  load_settings() OK (Theme: light, Fenster: 1400x900)
  ✅  SecurityManager() OK
  ✅  SmartDatabase() OK
  ✅  DriveInfo OK | size='238.5 GiB' | type='SSD'
  ✅  DriveInfo(str-size) → '238.5 GiB'
  ✅  WipeEngine.METHODS: ['quick', 'dod', 'gutmann', 'secure_erase_hdd', 'secure_erase_nvme']
  ✅  smart_engine.query_smart_attributes importierbar
  ✅  GuiBase.make_scrollable_tab()
  ✅  GuiBase.run_shell_async()
  ✅  GuiBase.make_shell_tab()

══════════════════════════════════════════════════
  13  SHELL-SCRIPTS PRÜFUNG
══════════════════════════════════════════════════
  [OK]   optimizer.sh: Syntax OK
  [OK]   optimizer.sh: ausführbar
  [OK]   eggs-iso-tool.sh: Syntax OK
  [OK]   eggs-iso-tool.sh: ausführbar
  [OK]   drive-health-tool.sh: Syntax OK
  [OK]   drive-health-tool.sh: ausführbar
  [FAIL] grub-cc Syntaxfehler: recovery.sh
  [OK]   optimizer.sh: Kernel-Tuning-Abschnitt vorhanden
  [OK]   optimizer.sh: Swap-Abschnitt vorhanden
  [OK]   optimizer.sh: Firefox-Abschnitt vorhanden

══════════════════════════════════════════════════
  14  X11-SICHERHEIT & SCROLL-BINDING
══════════════════════════════════════════════════
  [OK]   gui_drives.py: kein bind_all (sicher)
  [OK]   gui_system.py: kein bind_all (sicher)
  [OK]   gui_base.py: kein bind_all (sicher)
  ✅  make_scrollable_tab: 8× aufgerufen
  ✅  Rekursives Scroll-Binding: 17× vorhanden
  ✅  MouseWheel-Bindings gesamt: 7×

══════════════════════════════════════════════════
  ZUSAMMENFASSUNG
══════════════════════════════════════════════════

ZUSAMMENFASSUNG: 73 OK / 1 Fehler / 3 Warnungen

nutzer@nutzer-Aspire-C24-320:~$ sudo /usr/local/bin/peessi-multitool
[sudo] Passwort für nutzer:       
localuser:root being added to access control list
Traceback (most recent call last):
  File "/usr/local/lib/peessi-multitool/main.py", line 292, in <module>
    app = App()
          ^^^^^
  File "/usr/local/lib/peessi-multitool/main.py", line 136, in __init__
    self._build_ui()
  File "/usr/local/lib/peessi-multitool/main.py", line 182, in _build_ui
    self.advanced_tab = AdvancedTabs(self.nb_main, self)
                        ^^^^^^^^^^^^^^^^^^^^^^^^^^^^^^^^
  File "/usr/local/lib/peessi-multitool/gui_advanced.py", line 98, in __init__
    self._build_lvm(nb)
  File "/usr/local/lib/peessi-multitool/gui_advanced.py", line 570, in _build_lvm
    font=("Arial", 9)).grid(row=row, column=0, sticky="w",
                       ^^^^^^^^^^^^^^^^^^^^^^^^^^^^^^^^^^^
  File "/usr/lib/python3.12/tkinter/__init__.py", line 2569, in grid_configure
    self.tk.call(
_tkinter.TclError: cannot use geometry manager grid inside .!notebook.!frame8.!notebook.!frame3.!frame.!labelframe2 which already has slaves managed by pack
nutzer@nutzer-Aspire-C24-320:~$ 



